2023-11-30 22:11:55,913:WARNING:
'cuml' is a soft dependency and not included in the pycaret installation. Please run: `pip install cuml` to install.
2023-11-30 22:11:55,914:WARNING:
'cuml' is a soft dependency and not included in the pycaret installation. Please run: `pip install cuml` to install.
2023-11-30 22:11:55,914:WARNING:
'cuml' is a soft dependency and not included in the pycaret installation. Please run: `pip install cuml` to install.
2023-11-30 22:11:55,914:WARNING:
'cuml' is a soft dependency and not included in the pycaret installation. Please run: `pip install cuml` to install.
2023-11-30 22:14:33,995:WARNING:
'cuml' is a soft dependency and not included in the pycaret installation. Please run: `pip install cuml` to install.
2023-11-30 22:14:34,007:WARNING:
'cuml' is a soft dependency and not included in the pycaret installation. Please run: `pip install cuml` to install.
2023-11-30 22:14:34,007:WARNING:
'cuml' is a soft dependency and not included in the pycaret installation. Please run: `pip install cuml` to install.
2023-11-30 22:14:34,007:WARNING:
'cuml' is a soft dependency and not included in the pycaret installation. Please run: `pip install cuml` to install.
2023-11-30 22:59:45,811:WARNING:
'cuml' is a soft dependency and not included in the pycaret installation. Please run: `pip install cuml` to install.
2023-11-30 22:59:45,812:WARNING:
'cuml' is a soft dependency and not included in the pycaret installation. Please run: `pip install cuml` to install.
2023-11-30 22:59:45,812:WARNING:
'cuml' is a soft dependency and not included in the pycaret installation. Please run: `pip install cuml` to install.
2023-11-30 22:59:45,812:WARNING:
'cuml' is a soft dependency and not included in the pycaret installation. Please run: `pip install cuml` to install.
2023-11-30 22:59:52,682:INFO:PyCaret RegressionExperiment
2023-11-30 22:59:52,682:INFO:Logging name: reg-default-name
2023-11-30 22:59:52,682:INFO:ML Usecase: MLUsecase.REGRESSION
2023-11-30 22:59:52,683:INFO:version 3.2.0
2023-11-30 22:59:52,683:INFO:Initializing setup()
2023-11-30 22:59:52,683:INFO:self.USI: d32c
2023-11-30 22:59:52,683:INFO:self._variable_keys: {'exp_name_log', 'n_jobs_param', 'y_train', 'y_test', 'memory', 'target_param', 'log_plots_param', 'fold_groups_param', 'gpu_param', 'fold_shuffle_param', 'html_param', 'exp_id', 'X_train', 'X', 'USI', 'y', '_ml_usecase', 'pipeline', 'fold_generator', 'transform_target_param', 'data', '_available_plots', 'idx', 'X_test', 'seed', 'logging_param', 'gpu_n_jobs_param'}
2023-11-30 22:59:52,683:INFO:Checking environment
2023-11-30 22:59:52,683:INFO:python_version: 3.9.12
2023-11-30 22:59:52,683:INFO:python_build: ('main', 'Apr  4 2022 05:22:27')
2023-11-30 22:59:52,683:INFO:machine: AMD64
2023-11-30 22:59:52,684:INFO:platform: Windows-10-10.0.22621-SP0
2023-11-30 22:59:52,688:INFO:Memory: svmem(total=16788529152, available=7540801536, percent=55.1, used=9247727616, free=7540801536)
2023-11-30 22:59:52,689:INFO:Physical Core: 12
2023-11-30 22:59:52,689:INFO:Logical Core: 16
2023-11-30 22:59:52,689:INFO:Checking libraries
2023-11-30 22:59:52,689:INFO:System:
2023-11-30 22:59:52,689:INFO:    python: 3.9.12 (main, Apr  4 2022, 05:22:27) [MSC v.1916 64 bit (AMD64)]
2023-11-30 22:59:52,689:INFO:executable: C:\ProgramData\Anaconda3\python.exe
2023-11-30 22:59:52,689:INFO:   machine: Windows-10-10.0.22621-SP0
2023-11-30 22:59:52,689:INFO:PyCaret required dependencies:
2023-11-30 22:59:52,691:INFO:                 pip: 23.2
2023-11-30 22:59:52,691:INFO:          setuptools: 67.6.1
2023-11-30 22:59:52,692:INFO:             pycaret: 3.2.0
2023-11-30 22:59:52,692:INFO:             IPython: 8.2.0
2023-11-30 22:59:52,692:INFO:          ipywidgets: 7.6.5
2023-11-30 22:59:52,692:INFO:                tqdm: 4.64.0
2023-11-30 22:59:52,692:INFO:               numpy: 1.25.2
2023-11-30 22:59:52,692:INFO:              pandas: 1.4.2
2023-11-30 22:59:52,692:INFO:              jinja2: 3.0.3
2023-11-30 22:59:52,692:INFO:               scipy: 1.7.3
2023-11-30 22:59:52,692:INFO:              joblib: 1.3.2
2023-11-30 22:59:52,692:INFO:             sklearn: 1.3.1
2023-11-30 22:59:52,692:INFO:                pyod: 1.1.2
2023-11-30 22:59:52,692:INFO:            imblearn: 0.11.0
2023-11-30 22:59:52,692:INFO:   category_encoders: 2.6.3
2023-11-30 22:59:52,692:INFO:            lightgbm: 3.3.5
2023-11-30 22:59:52,692:INFO:               numba: 0.56.4
2023-11-30 22:59:52,692:INFO:            requests: 2.28.2
2023-11-30 22:59:52,692:INFO:          matplotlib: 3.5.1
2023-11-30 22:59:52,692:INFO:          scikitplot: 0.3.7
2023-11-30 22:59:52,692:INFO:         yellowbrick: 1.5
2023-11-30 22:59:52,692:INFO:              plotly: 5.6.0
2023-11-30 22:59:52,692:INFO:    plotly-resampler: Not installed
2023-11-30 22:59:52,692:INFO:             kaleido: 0.2.1
2023-11-30 22:59:52,692:INFO:           schemdraw: 0.15
2023-11-30 22:59:52,692:INFO:         statsmodels: 0.13.2
2023-11-30 22:59:52,692:INFO:              sktime: 0.21.1
2023-11-30 22:59:52,692:INFO:               tbats: 1.1.3
2023-11-30 22:59:52,693:INFO:            pmdarima: 2.0.4
2023-11-30 22:59:52,693:INFO:              psutil: 5.9.6
2023-11-30 22:59:52,693:INFO:          markupsafe: 2.1.3
2023-11-30 22:59:52,693:INFO:             pickle5: Not installed
2023-11-30 22:59:52,693:INFO:         cloudpickle: 2.0.0
2023-11-30 22:59:52,693:INFO:         deprecation: 2.1.0
2023-11-30 22:59:52,693:INFO:              xxhash: 3.4.1
2023-11-30 22:59:52,693:INFO:           wurlitzer: Not installed
2023-11-30 22:59:52,693:INFO:PyCaret optional dependencies:
2023-11-30 22:59:53,372:WARNING:C:\ProgramData\Anaconda3\lib\site-packages\trio\_core\_multierror.py:406: RuntimeWarning: IPython detected, but you already have a custom exception handler installed. I'll skip installing Trio's custom handler, but this means exception groups will not show full tracebacks.
  warnings.warn(

2023-11-30 22:59:55,088:INFO:                shap: 0.43.0
2023-11-30 22:59:55,089:INFO:           interpret: 0.4.4
2023-11-30 22:59:55,089:INFO:                umap: 0.5.3
2023-11-30 22:59:55,089:INFO:     ydata_profiling: 4.6.0
2023-11-30 22:59:55,089:INFO:  explainerdashboard: 0.4.3
2023-11-30 22:59:55,089:INFO:             autoviz: Not installed
2023-11-30 22:59:55,089:INFO:           fairlearn: 0.7.0
2023-11-30 22:59:55,089:INFO:          deepchecks: Not installed
2023-11-30 22:59:55,089:INFO:             xgboost: 1.7.1
2023-11-30 22:59:55,089:INFO:            catboost: 1.1.1
2023-11-30 22:59:55,089:INFO:              kmodes: 0.12.2
2023-11-30 22:59:55,089:INFO:             mlxtend: 0.19.0
2023-11-30 22:59:55,089:INFO:       statsforecast: 1.5.0
2023-11-30 22:59:55,089:INFO:        tune_sklearn: 0.5.0
2023-11-30 22:59:55,089:INFO:                 ray: 2.8.0
2023-11-30 22:59:55,089:INFO:            hyperopt: 0.2.7
2023-11-30 22:59:55,089:INFO:              optuna: 3.4.0
2023-11-30 22:59:55,089:INFO:               skopt: 0.9.0
2023-11-30 22:59:55,089:INFO:              mlflow: 1.30.1
2023-11-30 22:59:55,089:INFO:              gradio: 3.50.2
2023-11-30 22:59:55,089:INFO:             fastapi: 0.104.1
2023-11-30 22:59:55,089:INFO:             uvicorn: 0.24.0.post1
2023-11-30 22:59:55,089:INFO:              m2cgen: 0.10.0
2023-11-30 22:59:55,089:INFO:           evidently: 0.2.8
2023-11-30 22:59:55,089:INFO:               fugue: 0.8.6
2023-11-30 22:59:55,089:INFO:           streamlit: 1.20.0
2023-11-30 22:59:55,089:INFO:             prophet: Not installed
2023-11-30 22:59:55,089:INFO:None
2023-11-30 22:59:55,089:INFO:Set up data.
2023-11-30 22:59:55,119:INFO:Set up folding strategy.
2023-11-30 22:59:55,119:INFO:Set up train/test split.
2023-11-30 22:59:55,135:INFO:Set up index.
2023-11-30 22:59:55,136:INFO:Assigning column types.
2023-11-30 22:59:55,154:INFO:Engine successfully changes for model 'lr' to 'sklearn'.
2023-11-30 22:59:55,154:INFO:Engine for model 'lasso' has not been set explicitly, hence returning None.
2023-11-30 22:59:55,159:INFO:Engine for model 'ridge' has not been set explicitly, hence returning None.
2023-11-30 22:59:55,163:INFO:Engine for model 'en' has not been set explicitly, hence returning None.
2023-11-30 22:59:55,240:INFO:Engine for model 'svm' has not been set explicitly, hence returning None.
2023-11-30 22:59:55,289:INFO:Engine for model 'knn' has not been set explicitly, hence returning None.
2023-11-30 22:59:55,290:INFO:Soft dependency imported: xgboost: 1.7.1
2023-11-30 22:59:55,666:INFO:Soft dependency imported: catboost: 1.1.1
2023-11-30 22:59:56,573:INFO:Engine for model 'lasso' has not been set explicitly, hence returning None.
2023-11-30 22:59:56,576:INFO:Engine for model 'ridge' has not been set explicitly, hence returning None.
2023-11-30 22:59:56,581:INFO:Engine for model 'en' has not been set explicitly, hence returning None.
2023-11-30 22:59:56,650:INFO:Engine for model 'svm' has not been set explicitly, hence returning None.
2023-11-30 22:59:56,721:INFO:Engine for model 'knn' has not been set explicitly, hence returning None.
2023-11-30 22:59:56,724:INFO:Soft dependency imported: xgboost: 1.7.1
2023-11-30 22:59:56,742:INFO:Soft dependency imported: catboost: 1.1.1
2023-11-30 22:59:56,743:INFO:Engine successfully changes for model 'lasso' to 'sklearn'.
2023-11-30 22:59:56,754:INFO:Engine for model 'ridge' has not been set explicitly, hence returning None.
2023-11-30 22:59:56,763:INFO:Engine for model 'en' has not been set explicitly, hence returning None.
2023-11-30 22:59:56,898:INFO:Engine for model 'svm' has not been set explicitly, hence returning None.
2023-11-30 22:59:56,985:INFO:Engine for model 'knn' has not been set explicitly, hence returning None.
2023-11-30 22:59:56,986:INFO:Soft dependency imported: xgboost: 1.7.1
2023-11-30 22:59:56,989:INFO:Soft dependency imported: catboost: 1.1.1
2023-11-30 22:59:56,993:INFO:Engine for model 'ridge' has not been set explicitly, hence returning None.
2023-11-30 22:59:56,998:INFO:Engine for model 'en' has not been set explicitly, hence returning None.
2023-11-30 22:59:57,071:INFO:Engine for model 'svm' has not been set explicitly, hence returning None.
2023-11-30 22:59:57,117:INFO:Engine for model 'knn' has not been set explicitly, hence returning None.
2023-11-30 22:59:57,118:INFO:Soft dependency imported: xgboost: 1.7.1
2023-11-30 22:59:57,120:INFO:Soft dependency imported: catboost: 1.1.1
2023-11-30 22:59:57,121:INFO:Engine successfully changes for model 'ridge' to 'sklearn'.
2023-11-30 22:59:57,131:INFO:Engine for model 'en' has not been set explicitly, hence returning None.
2023-11-30 22:59:57,205:INFO:Engine for model 'svm' has not been set explicitly, hence returning None.
2023-11-30 22:59:57,257:INFO:Engine for model 'knn' has not been set explicitly, hence returning None.
2023-11-30 22:59:57,258:INFO:Soft dependency imported: xgboost: 1.7.1
2023-11-30 22:59:57,261:INFO:Soft dependency imported: catboost: 1.1.1
2023-11-30 22:59:57,271:INFO:Engine for model 'en' has not been set explicitly, hence returning None.
2023-11-30 22:59:57,337:INFO:Engine for model 'svm' has not been set explicitly, hence returning None.
2023-11-30 22:59:57,378:INFO:Engine for model 'knn' has not been set explicitly, hence returning None.
2023-11-30 22:59:57,379:INFO:Soft dependency imported: xgboost: 1.7.1
2023-11-30 22:59:57,382:INFO:Soft dependency imported: catboost: 1.1.1
2023-11-30 22:59:57,383:INFO:Engine successfully changes for model 'en' to 'sklearn'.
2023-11-30 22:59:57,488:INFO:Engine for model 'svm' has not been set explicitly, hence returning None.
2023-11-30 22:59:57,546:INFO:Engine for model 'knn' has not been set explicitly, hence returning None.
2023-11-30 22:59:57,547:INFO:Soft dependency imported: xgboost: 1.7.1
2023-11-30 22:59:57,550:INFO:Soft dependency imported: catboost: 1.1.1
2023-11-30 22:59:57,640:INFO:Engine for model 'svm' has not been set explicitly, hence returning None.
2023-11-30 22:59:57,690:INFO:Engine for model 'knn' has not been set explicitly, hence returning None.
2023-11-30 22:59:57,691:INFO:Soft dependency imported: xgboost: 1.7.1
2023-11-30 22:59:57,694:INFO:Soft dependency imported: catboost: 1.1.1
2023-11-30 22:59:57,695:INFO:Engine successfully changes for model 'knn' to 'sklearn'.
2023-11-30 22:59:57,772:INFO:Engine for model 'svm' has not been set explicitly, hence returning None.
2023-11-30 22:59:57,815:INFO:Soft dependency imported: xgboost: 1.7.1
2023-11-30 22:59:57,818:INFO:Soft dependency imported: catboost: 1.1.1
2023-11-30 22:59:57,894:INFO:Engine for model 'svm' has not been set explicitly, hence returning None.
2023-11-30 22:59:57,939:INFO:Soft dependency imported: xgboost: 1.7.1
2023-11-30 22:59:57,942:INFO:Soft dependency imported: catboost: 1.1.1
2023-11-30 22:59:57,942:INFO:Engine successfully changes for model 'svm' to 'sklearn'.
2023-11-30 22:59:58,066:INFO:Soft dependency imported: xgboost: 1.7.1
2023-11-30 22:59:58,069:INFO:Soft dependency imported: catboost: 1.1.1
2023-11-30 22:59:58,200:INFO:Soft dependency imported: xgboost: 1.7.1
2023-11-30 22:59:58,203:INFO:Soft dependency imported: catboost: 1.1.1
2023-11-30 22:59:58,222:INFO:Preparing preprocessing pipeline...
2023-11-30 22:59:58,223:INFO:Set up simple imputation.
2023-11-30 22:59:58,227:INFO:Set up column name cleaning.
2023-11-30 22:59:58,299:INFO:Finished creating preprocessing pipeline.
2023-11-30 22:59:58,307:INFO:Pipeline: Pipeline(memory=FastMemory(location=C:\Users\USER\AppData\Local\Temp\joblib),
         steps=[('numerical_imputer',
                 TransformerWrapper(include=['주말', '평일', '눈', '맑음', '비', '흐림',
                                             '남구', '달서구', '달성군', '동구', '북구',
                                             '서구', '수성구', '중구', '교차로 - 교차로부근',
                                             '교차로 - 교차로안', '교차로 - 교차로횡단보도내',
                                             '단일로 - 고가도로위', '단일로 - 교량',
                                             '단일로 - 기타', '단일로 - 지하차도(도로)내',
                                             '단일로 - 터널', '주차장 - 주차장', '건조',
                                             '서리/결빙', '적설', '젖음/습기', '침수',
                                             '차대사람', '차대차', ...],
                                    transformer=SimpleImputer())),
                ('categorical_imputer',
                 TransformerWrapper(include=[],
                                    transformer=SimpleImputer(strategy='most_frequent'))),
                ('clean_column_names',
                 TransformerWrapper(transformer=CleanColumnNames()))])
2023-11-30 22:59:58,308:INFO:Creating final display dataframe.
2023-11-30 22:59:58,556:INFO:Setup _display_container:                     Description             Value
0                    Session id                42
1                        Target            target
2                   Target type        Regression
3           Original data shape       (39601, 32)
4        Transformed data shape       (39601, 32)
5   Transformed train set shape       (27720, 32)
6    Transformed test set shape       (11881, 32)
7              Numeric features                31
8                    Preprocess              True
9               Imputation type            simple
10           Numeric imputation              mean
11       Categorical imputation              mode
12               Fold Generator             KFold
13                  Fold Number                10
14                     CPU Jobs                -1
15                      Use GPU             False
16               Log Experiment             False
17              Experiment Name  reg-default-name
18                          USI              d32c
2023-11-30 22:59:58,729:INFO:Soft dependency imported: xgboost: 1.7.1
2023-11-30 22:59:58,732:INFO:Soft dependency imported: catboost: 1.1.1
2023-11-30 22:59:58,873:INFO:Soft dependency imported: xgboost: 1.7.1
2023-11-30 22:59:58,876:INFO:Soft dependency imported: catboost: 1.1.1
2023-11-30 22:59:58,877:INFO:setup() successfully completed in 6.2s...............
2023-11-30 23:00:00,979:INFO:Initializing compare_models()
2023-11-30 23:00:00,980:INFO:compare_models(self=<pycaret.regression.oop.RegressionExperiment object at 0x0000020BFF777970>, include=None, fold=None, round=4, cross_validation=True, sort=R2, n_select=1, budget_time=None, turbo=True, errors=ignore, fit_kwargs=None, groups=None, experiment_custom_tags=None, probability_threshold=None, verbose=True, parallel=None, caller_params={'self': <pycaret.regression.oop.RegressionExperiment object at 0x0000020BFF777970>, 'include': None, 'exclude': None, 'fold': None, 'round': 4, 'cross_validation': True, 'sort': 'R2', 'n_select': 1, 'budget_time': None, 'turbo': True, 'errors': 'ignore', 'fit_kwargs': None, 'groups': None, 'experiment_custom_tags': None, 'engine': None, 'verbose': True, 'parallel': None, '__class__': <class 'pycaret.regression.oop.RegressionExperiment'>}, exclude=None)
2023-11-30 23:00:00,981:INFO:Checking exceptions
2023-11-30 23:00:00,995:INFO:Preparing display monitor
2023-11-30 23:00:01,035:INFO:Initializing Linear Regression
2023-11-30 23:00:01,035:INFO:Total runtime is 0.0 minutes
2023-11-30 23:00:01,041:INFO:SubProcess create_model() called ==================================
2023-11-30 23:00:01,041:INFO:Initializing create_model()
2023-11-30 23:00:01,042:INFO:create_model(self=<pycaret.regression.oop.RegressionExperiment object at 0x0000020BFF777970>, estimator=lr, fold=KFold(n_splits=10, random_state=None, shuffle=False), round=4, cross_validation=True, predict=True, fit_kwargs={}, groups=None, refit=False, probability_threshold=None, experiment_custom_tags=None, verbose=False, system=False, add_to_model_list=True, metrics=None, display=<pycaret.internal.display.display.CommonDisplay object at 0x0000020BFF6B1160>, model_only=True, return_train_score=False, error_score=0.0, kwargs={})
2023-11-30 23:00:01,042:INFO:Checking exceptions
2023-11-30 23:00:01,042:INFO:Importing libraries
2023-11-30 23:00:01,042:INFO:Copying training dataset
2023-11-30 23:00:01,065:INFO:Defining folds
2023-11-30 23:00:01,065:INFO:Declaring metric variables
2023-11-30 23:00:01,069:INFO:Importing untrained model
2023-11-30 23:00:01,073:INFO:Linear Regression Imported successfully
2023-11-30 23:00:01,083:INFO:Starting cross validation
2023-11-30 23:00:01,096:INFO:Cross validating with KFold(n_splits=10, random_state=None, shuffle=False), n_jobs=-1
2023-11-30 23:00:06,946:INFO:Calculating mean and std
2023-11-30 23:00:06,948:INFO:Creating metrics dataframe
2023-11-30 23:00:06,955:INFO:Uploading results into container
2023-11-30 23:00:06,956:INFO:Uploading model into container now
2023-11-30 23:00:06,957:INFO:_master_model_container: 1
2023-11-30 23:00:06,957:INFO:_display_container: 2
2023-11-30 23:00:06,958:INFO:LinearRegression(n_jobs=-1)
2023-11-30 23:00:06,958:INFO:create_model() successfully completed......................................
2023-11-30 23:00:07,163:INFO:SubProcess create_model() end ==================================
2023-11-30 23:00:07,163:INFO:Creating metrics dataframe
2023-11-30 23:00:07,176:INFO:Initializing Lasso Regression
2023-11-30 23:00:07,176:INFO:Total runtime is 0.1023417592048645 minutes
2023-11-30 23:00:07,182:INFO:SubProcess create_model() called ==================================
2023-11-30 23:00:07,182:INFO:Initializing create_model()
2023-11-30 23:00:07,182:INFO:create_model(self=<pycaret.regression.oop.RegressionExperiment object at 0x0000020BFF777970>, estimator=lasso, fold=KFold(n_splits=10, random_state=None, shuffle=False), round=4, cross_validation=True, predict=True, fit_kwargs={}, groups=None, refit=False, probability_threshold=None, experiment_custom_tags=None, verbose=False, system=False, add_to_model_list=True, metrics=None, display=<pycaret.internal.display.display.CommonDisplay object at 0x0000020BFF6B1160>, model_only=True, return_train_score=False, error_score=0.0, kwargs={})
2023-11-30 23:00:07,182:INFO:Checking exceptions
2023-11-30 23:00:07,182:INFO:Importing libraries
2023-11-30 23:00:07,182:INFO:Copying training dataset
2023-11-30 23:00:07,219:INFO:Defining folds
2023-11-30 23:00:07,219:INFO:Declaring metric variables
2023-11-30 23:00:07,225:INFO:Importing untrained model
2023-11-30 23:00:07,232:INFO:Lasso Regression Imported successfully
2023-11-30 23:00:07,243:INFO:Starting cross validation
2023-11-30 23:00:07,245:INFO:Cross validating with KFold(n_splits=10, random_state=None, shuffle=False), n_jobs=-1
2023-11-30 23:00:13,510:INFO:Calculating mean and std
2023-11-30 23:00:13,515:INFO:Creating metrics dataframe
2023-11-30 23:00:13,521:INFO:Uploading results into container
2023-11-30 23:00:13,523:INFO:Uploading model into container now
2023-11-30 23:00:13,523:INFO:_master_model_container: 2
2023-11-30 23:00:13,523:INFO:_display_container: 2
2023-11-30 23:00:13,524:INFO:Lasso(random_state=42)
2023-11-30 23:00:13,524:INFO:create_model() successfully completed......................................
2023-11-30 23:00:13,728:INFO:SubProcess create_model() end ==================================
2023-11-30 23:00:13,728:INFO:Creating metrics dataframe
2023-11-30 23:00:13,744:INFO:Initializing Ridge Regression
2023-11-30 23:00:13,744:INFO:Total runtime is 0.2118009606997172 minutes
2023-11-30 23:00:13,749:INFO:SubProcess create_model() called ==================================
2023-11-30 23:00:13,749:INFO:Initializing create_model()
2023-11-30 23:00:13,749:INFO:create_model(self=<pycaret.regression.oop.RegressionExperiment object at 0x0000020BFF777970>, estimator=ridge, fold=KFold(n_splits=10, random_state=None, shuffle=False), round=4, cross_validation=True, predict=True, fit_kwargs={}, groups=None, refit=False, probability_threshold=None, experiment_custom_tags=None, verbose=False, system=False, add_to_model_list=True, metrics=None, display=<pycaret.internal.display.display.CommonDisplay object at 0x0000020BFF6B1160>, model_only=True, return_train_score=False, error_score=0.0, kwargs={})
2023-11-30 23:00:13,749:INFO:Checking exceptions
2023-11-30 23:00:13,749:INFO:Importing libraries
2023-11-30 23:00:13,749:INFO:Copying training dataset
2023-11-30 23:00:13,783:INFO:Defining folds
2023-11-30 23:00:13,783:INFO:Declaring metric variables
2023-11-30 23:00:13,793:INFO:Importing untrained model
2023-11-30 23:00:13,802:INFO:Ridge Regression Imported successfully
2023-11-30 23:00:13,821:INFO:Starting cross validation
2023-11-30 23:00:13,823:INFO:Cross validating with KFold(n_splits=10, random_state=None, shuffle=False), n_jobs=-1
2023-11-30 23:00:14,095:INFO:Calculating mean and std
2023-11-30 23:00:14,096:INFO:Creating metrics dataframe
2023-11-30 23:00:14,100:INFO:Uploading results into container
2023-11-30 23:00:14,101:INFO:Uploading model into container now
2023-11-30 23:00:14,101:INFO:_master_model_container: 3
2023-11-30 23:00:14,101:INFO:_display_container: 2
2023-11-30 23:00:14,102:INFO:Ridge(random_state=42)
2023-11-30 23:00:14,102:INFO:create_model() successfully completed......................................
2023-11-30 23:00:14,312:INFO:SubProcess create_model() end ==================================
2023-11-30 23:00:14,312:INFO:Creating metrics dataframe
2023-11-30 23:00:14,329:INFO:Initializing Elastic Net
2023-11-30 23:00:14,330:INFO:Total runtime is 0.22157165606816612 minutes
2023-11-30 23:00:14,335:INFO:SubProcess create_model() called ==================================
2023-11-30 23:00:14,336:INFO:Initializing create_model()
2023-11-30 23:00:14,336:INFO:create_model(self=<pycaret.regression.oop.RegressionExperiment object at 0x0000020BFF777970>, estimator=en, fold=KFold(n_splits=10, random_state=None, shuffle=False), round=4, cross_validation=True, predict=True, fit_kwargs={}, groups=None, refit=False, probability_threshold=None, experiment_custom_tags=None, verbose=False, system=False, add_to_model_list=True, metrics=None, display=<pycaret.internal.display.display.CommonDisplay object at 0x0000020BFF6B1160>, model_only=True, return_train_score=False, error_score=0.0, kwargs={})
2023-11-30 23:00:14,336:INFO:Checking exceptions
2023-11-30 23:00:14,336:INFO:Importing libraries
2023-11-30 23:00:14,336:INFO:Copying training dataset
2023-11-30 23:00:14,383:INFO:Defining folds
2023-11-30 23:00:14,384:INFO:Declaring metric variables
2023-11-30 23:00:14,394:INFO:Importing untrained model
2023-11-30 23:00:14,403:INFO:Elastic Net Imported successfully
2023-11-30 23:00:14,416:INFO:Starting cross validation
2023-11-30 23:00:14,417:INFO:Cross validating with KFold(n_splits=10, random_state=None, shuffle=False), n_jobs=-1
2023-11-30 23:00:14,705:INFO:Calculating mean and std
2023-11-30 23:00:14,707:INFO:Creating metrics dataframe
2023-11-30 23:00:14,711:INFO:Uploading results into container
2023-11-30 23:00:14,711:INFO:Uploading model into container now
2023-11-30 23:00:14,712:INFO:_master_model_container: 4
2023-11-30 23:00:14,712:INFO:_display_container: 2
2023-11-30 23:00:14,712:INFO:ElasticNet(random_state=42)
2023-11-30 23:00:14,712:INFO:create_model() successfully completed......................................
2023-11-30 23:00:14,943:INFO:SubProcess create_model() end ==================================
2023-11-30 23:00:14,944:INFO:Creating metrics dataframe
2023-11-30 23:00:14,960:INFO:Initializing Least Angle Regression
2023-11-30 23:00:14,961:INFO:Total runtime is 0.23209392627080283 minutes
2023-11-30 23:00:14,966:INFO:SubProcess create_model() called ==================================
2023-11-30 23:00:14,967:INFO:Initializing create_model()
2023-11-30 23:00:14,968:INFO:create_model(self=<pycaret.regression.oop.RegressionExperiment object at 0x0000020BFF777970>, estimator=lar, fold=KFold(n_splits=10, random_state=None, shuffle=False), round=4, cross_validation=True, predict=True, fit_kwargs={}, groups=None, refit=False, probability_threshold=None, experiment_custom_tags=None, verbose=False, system=False, add_to_model_list=True, metrics=None, display=<pycaret.internal.display.display.CommonDisplay object at 0x0000020BFF6B1160>, model_only=True, return_train_score=False, error_score=0.0, kwargs={})
2023-11-30 23:00:14,968:INFO:Checking exceptions
2023-11-30 23:00:14,969:INFO:Importing libraries
2023-11-30 23:00:14,969:INFO:Copying training dataset
2023-11-30 23:00:15,019:INFO:Defining folds
2023-11-30 23:00:15,019:INFO:Declaring metric variables
2023-11-30 23:00:15,026:INFO:Importing untrained model
2023-11-30 23:00:15,034:INFO:Least Angle Regression Imported successfully
2023-11-30 23:00:15,053:INFO:Starting cross validation
2023-11-30 23:00:15,056:INFO:Cross validating with KFold(n_splits=10, random_state=None, shuffle=False), n_jobs=-1
2023-11-30 23:00:15,215:WARNING:C:\Users\USER\AppData\Roaming\Python\Python39\site-packages\sklearn\linear_model\_least_angle.py:648: ConvergenceWarning: Regressors in active set degenerate. Dropping a regressor, after 2 iterations, i.e. alpha=4.792e-02, with an active set of 2 regressors, and the smallest cholesky pivot element being 2.220e-16. Reduce max_iter or increase eps parameters.
  warnings.warn(

2023-11-30 23:00:15,217:WARNING:C:\Users\USER\AppData\Roaming\Python\Python39\site-packages\sklearn\linear_model\_least_angle.py:648: ConvergenceWarning: Regressors in active set degenerate. Dropping a regressor, after 6 iterations, i.e. alpha=2.403e-02, with an active set of 6 regressors, and the smallest cholesky pivot element being 2.220e-16. Reduce max_iter or increase eps parameters.
  warnings.warn(

2023-11-30 23:00:15,218:WARNING:C:\Users\USER\AppData\Roaming\Python\Python39\site-packages\sklearn\linear_model\_least_angle.py:648: ConvergenceWarning: Regressors in active set degenerate. Dropping a regressor, after 9 iterations, i.e. alpha=1.052e-02, with an active set of 9 regressors, and the smallest cholesky pivot element being 2.220e-16. Reduce max_iter or increase eps parameters.
  warnings.warn(

2023-11-30 23:00:15,220:WARNING:C:\Users\USER\AppData\Roaming\Python\Python39\site-packages\sklearn\linear_model\_least_angle.py:648: ConvergenceWarning: Regressors in active set degenerate. Dropping a regressor, after 13 iterations, i.e. alpha=4.809e-03, with an active set of 13 regressors, and the smallest cholesky pivot element being 2.220e-16. Reduce max_iter or increase eps parameters.
  warnings.warn(

2023-11-30 23:00:15,221:WARNING:C:\Users\USER\AppData\Roaming\Python\Python39\site-packages\sklearn\linear_model\_least_angle.py:648: ConvergenceWarning: Regressors in active set degenerate. Dropping a regressor, after 15 iterations, i.e. alpha=3.260e-03, with an active set of 15 regressors, and the smallest cholesky pivot element being 2.220e-16. Reduce max_iter or increase eps parameters.
  warnings.warn(

2023-11-30 23:00:15,224:WARNING:C:\Users\USER\AppData\Roaming\Python\Python39\site-packages\sklearn\linear_model\_least_angle.py:648: ConvergenceWarning: Regressors in active set degenerate. Dropping a regressor, after 25 iterations, i.e. alpha=1.898e-03, with an active set of 22 regressors, and the smallest cholesky pivot element being 2.220e-16. Reduce max_iter or increase eps parameters.
  warnings.warn(

2023-11-30 23:00:15,226:WARNING:C:\Users\USER\AppData\Roaming\Python\Python39\site-packages\sklearn\linear_model\_least_angle.py:648: ConvergenceWarning: Regressors in active set degenerate. Dropping a regressor, after 33 iterations, i.e. alpha=1.681e-03, with an active set of 28 regressors, and the smallest cholesky pivot element being 2.220e-16. Reduce max_iter or increase eps parameters.
  warnings.warn(

2023-11-30 23:00:15,227:WARNING:C:\Users\USER\AppData\Roaming\Python\Python39\site-packages\sklearn\linear_model\_least_angle.py:648: ConvergenceWarning: Regressors in active set degenerate. Dropping a regressor, after 35 iterations, i.e. alpha=5.203e-04, with an active set of 30 regressors, and the smallest cholesky pivot element being 2.220e-16. Reduce max_iter or increase eps parameters.
  warnings.warn(

2023-11-30 23:00:15,337:INFO:Calculating mean and std
2023-11-30 23:00:15,339:INFO:Creating metrics dataframe
2023-11-30 23:00:15,344:INFO:Uploading results into container
2023-11-30 23:00:15,344:INFO:Uploading model into container now
2023-11-30 23:00:15,345:INFO:_master_model_container: 5
2023-11-30 23:00:15,345:INFO:_display_container: 2
2023-11-30 23:00:15,345:INFO:Lars(random_state=42)
2023-11-30 23:00:15,345:INFO:create_model() successfully completed......................................
2023-11-30 23:00:15,557:INFO:SubProcess create_model() end ==================================
2023-11-30 23:00:15,557:INFO:Creating metrics dataframe
2023-11-30 23:00:15,574:INFO:Initializing Lasso Least Angle Regression
2023-11-30 23:00:15,575:INFO:Total runtime is 0.2423285682996114 minutes
2023-11-30 23:00:15,583:INFO:SubProcess create_model() called ==================================
2023-11-30 23:00:15,584:INFO:Initializing create_model()
2023-11-30 23:00:15,584:INFO:create_model(self=<pycaret.regression.oop.RegressionExperiment object at 0x0000020BFF777970>, estimator=llar, fold=KFold(n_splits=10, random_state=None, shuffle=False), round=4, cross_validation=True, predict=True, fit_kwargs={}, groups=None, refit=False, probability_threshold=None, experiment_custom_tags=None, verbose=False, system=False, add_to_model_list=True, metrics=None, display=<pycaret.internal.display.display.CommonDisplay object at 0x0000020BFF6B1160>, model_only=True, return_train_score=False, error_score=0.0, kwargs={})
2023-11-30 23:00:15,585:INFO:Checking exceptions
2023-11-30 23:00:15,585:INFO:Importing libraries
2023-11-30 23:00:15,585:INFO:Copying training dataset
2023-11-30 23:00:15,631:INFO:Defining folds
2023-11-30 23:00:15,631:INFO:Declaring metric variables
2023-11-30 23:00:15,637:INFO:Importing untrained model
2023-11-30 23:00:15,643:INFO:Lasso Least Angle Regression Imported successfully
2023-11-30 23:00:15,655:INFO:Starting cross validation
2023-11-30 23:00:15,656:INFO:Cross validating with KFold(n_splits=10, random_state=None, shuffle=False), n_jobs=-1
2023-11-30 23:00:15,907:INFO:Calculating mean and std
2023-11-30 23:00:15,909:INFO:Creating metrics dataframe
2023-11-30 23:00:15,913:INFO:Uploading results into container
2023-11-30 23:00:15,914:INFO:Uploading model into container now
2023-11-30 23:00:15,915:INFO:_master_model_container: 6
2023-11-30 23:00:15,915:INFO:_display_container: 2
2023-11-30 23:00:15,915:INFO:LassoLars(random_state=42)
2023-11-30 23:00:15,915:INFO:create_model() successfully completed......................................
2023-11-30 23:00:16,123:INFO:SubProcess create_model() end ==================================
2023-11-30 23:00:16,123:INFO:Creating metrics dataframe
2023-11-30 23:00:16,147:INFO:Initializing Orthogonal Matching Pursuit
2023-11-30 23:00:16,147:INFO:Total runtime is 0.2518635948499044 minutes
2023-11-30 23:00:16,155:INFO:SubProcess create_model() called ==================================
2023-11-30 23:00:16,156:INFO:Initializing create_model()
2023-11-30 23:00:16,156:INFO:create_model(self=<pycaret.regression.oop.RegressionExperiment object at 0x0000020BFF777970>, estimator=omp, fold=KFold(n_splits=10, random_state=None, shuffle=False), round=4, cross_validation=True, predict=True, fit_kwargs={}, groups=None, refit=False, probability_threshold=None, experiment_custom_tags=None, verbose=False, system=False, add_to_model_list=True, metrics=None, display=<pycaret.internal.display.display.CommonDisplay object at 0x0000020BFF6B1160>, model_only=True, return_train_score=False, error_score=0.0, kwargs={})
2023-11-30 23:00:16,156:INFO:Checking exceptions
2023-11-30 23:00:16,156:INFO:Importing libraries
2023-11-30 23:00:16,156:INFO:Copying training dataset
2023-11-30 23:00:16,186:INFO:Defining folds
2023-11-30 23:00:16,186:INFO:Declaring metric variables
2023-11-30 23:00:16,194:INFO:Importing untrained model
2023-11-30 23:00:16,201:INFO:Orthogonal Matching Pursuit Imported successfully
2023-11-30 23:00:16,211:INFO:Starting cross validation
2023-11-30 23:00:16,213:INFO:Cross validating with KFold(n_splits=10, random_state=None, shuffle=False), n_jobs=-1
2023-11-30 23:00:16,477:INFO:Calculating mean and std
2023-11-30 23:00:16,479:INFO:Creating metrics dataframe
2023-11-30 23:00:16,484:INFO:Uploading results into container
2023-11-30 23:00:16,485:INFO:Uploading model into container now
2023-11-30 23:00:16,486:INFO:_master_model_container: 7
2023-11-30 23:00:16,486:INFO:_display_container: 2
2023-11-30 23:00:16,487:INFO:OrthogonalMatchingPursuit()
2023-11-30 23:00:16,487:INFO:create_model() successfully completed......................................
2023-11-30 23:00:16,682:INFO:SubProcess create_model() end ==================================
2023-11-30 23:00:16,682:INFO:Creating metrics dataframe
2023-11-30 23:00:16,709:INFO:Initializing Bayesian Ridge
2023-11-30 23:00:16,710:INFO:Total runtime is 0.26123512983322145 minutes
2023-11-30 23:00:16,717:INFO:SubProcess create_model() called ==================================
2023-11-30 23:00:16,719:INFO:Initializing create_model()
2023-11-30 23:00:16,719:INFO:create_model(self=<pycaret.regression.oop.RegressionExperiment object at 0x0000020BFF777970>, estimator=br, fold=KFold(n_splits=10, random_state=None, shuffle=False), round=4, cross_validation=True, predict=True, fit_kwargs={}, groups=None, refit=False, probability_threshold=None, experiment_custom_tags=None, verbose=False, system=False, add_to_model_list=True, metrics=None, display=<pycaret.internal.display.display.CommonDisplay object at 0x0000020BFF6B1160>, model_only=True, return_train_score=False, error_score=0.0, kwargs={})
2023-11-30 23:00:16,719:INFO:Checking exceptions
2023-11-30 23:00:16,719:INFO:Importing libraries
2023-11-30 23:00:16,719:INFO:Copying training dataset
2023-11-30 23:00:16,749:INFO:Defining folds
2023-11-30 23:00:16,749:INFO:Declaring metric variables
2023-11-30 23:00:16,758:INFO:Importing untrained model
2023-11-30 23:00:16,769:INFO:Bayesian Ridge Imported successfully
2023-11-30 23:00:16,791:INFO:Starting cross validation
2023-11-30 23:00:16,793:INFO:Cross validating with KFold(n_splits=10, random_state=None, shuffle=False), n_jobs=-1
2023-11-30 23:00:17,220:INFO:Calculating mean and std
2023-11-30 23:00:17,224:INFO:Creating metrics dataframe
2023-11-30 23:00:17,229:INFO:Uploading results into container
2023-11-30 23:00:17,230:INFO:Uploading model into container now
2023-11-30 23:00:17,231:INFO:_master_model_container: 8
2023-11-30 23:00:17,231:INFO:_display_container: 2
2023-11-30 23:00:17,231:INFO:BayesianRidge()
2023-11-30 23:00:17,232:INFO:create_model() successfully completed......................................
2023-11-30 23:00:17,424:INFO:SubProcess create_model() end ==================================
2023-11-30 23:00:17,424:INFO:Creating metrics dataframe
2023-11-30 23:00:17,442:INFO:Initializing Passive Aggressive Regressor
2023-11-30 23:00:17,442:INFO:Total runtime is 0.2734392444292704 minutes
2023-11-30 23:00:17,447:INFO:SubProcess create_model() called ==================================
2023-11-30 23:00:17,448:INFO:Initializing create_model()
2023-11-30 23:00:17,448:INFO:create_model(self=<pycaret.regression.oop.RegressionExperiment object at 0x0000020BFF777970>, estimator=par, fold=KFold(n_splits=10, random_state=None, shuffle=False), round=4, cross_validation=True, predict=True, fit_kwargs={}, groups=None, refit=False, probability_threshold=None, experiment_custom_tags=None, verbose=False, system=False, add_to_model_list=True, metrics=None, display=<pycaret.internal.display.display.CommonDisplay object at 0x0000020BFF6B1160>, model_only=True, return_train_score=False, error_score=0.0, kwargs={})
2023-11-30 23:00:17,448:INFO:Checking exceptions
2023-11-30 23:00:17,448:INFO:Importing libraries
2023-11-30 23:00:17,448:INFO:Copying training dataset
2023-11-30 23:00:17,488:INFO:Defining folds
2023-11-30 23:00:17,489:INFO:Declaring metric variables
2023-11-30 23:00:17,496:INFO:Importing untrained model
2023-11-30 23:00:17,503:INFO:Passive Aggressive Regressor Imported successfully
2023-11-30 23:00:17,513:INFO:Starting cross validation
2023-11-30 23:00:17,514:INFO:Cross validating with KFold(n_splits=10, random_state=None, shuffle=False), n_jobs=-1
2023-11-30 23:00:17,848:INFO:Calculating mean and std
2023-11-30 23:00:17,850:INFO:Creating metrics dataframe
2023-11-30 23:00:17,855:INFO:Uploading results into container
2023-11-30 23:00:17,856:INFO:Uploading model into container now
2023-11-30 23:00:17,856:INFO:_master_model_container: 9
2023-11-30 23:00:17,856:INFO:_display_container: 2
2023-11-30 23:00:17,857:INFO:PassiveAggressiveRegressor(random_state=42)
2023-11-30 23:00:17,857:INFO:create_model() successfully completed......................................
2023-11-30 23:00:18,046:INFO:SubProcess create_model() end ==================================
2023-11-30 23:00:18,046:INFO:Creating metrics dataframe
2023-11-30 23:00:18,069:INFO:Initializing Huber Regressor
2023-11-30 23:00:18,069:INFO:Total runtime is 0.28388956785202024 minutes
2023-11-30 23:00:18,076:INFO:SubProcess create_model() called ==================================
2023-11-30 23:00:18,077:INFO:Initializing create_model()
2023-11-30 23:00:18,077:INFO:create_model(self=<pycaret.regression.oop.RegressionExperiment object at 0x0000020BFF777970>, estimator=huber, fold=KFold(n_splits=10, random_state=None, shuffle=False), round=4, cross_validation=True, predict=True, fit_kwargs={}, groups=None, refit=False, probability_threshold=None, experiment_custom_tags=None, verbose=False, system=False, add_to_model_list=True, metrics=None, display=<pycaret.internal.display.display.CommonDisplay object at 0x0000020BFF6B1160>, model_only=True, return_train_score=False, error_score=0.0, kwargs={})
2023-11-30 23:00:18,077:INFO:Checking exceptions
2023-11-30 23:00:18,077:INFO:Importing libraries
2023-11-30 23:00:18,077:INFO:Copying training dataset
2023-11-30 23:00:18,110:INFO:Defining folds
2023-11-30 23:00:18,112:INFO:Declaring metric variables
2023-11-30 23:00:18,123:INFO:Importing untrained model
2023-11-30 23:00:18,132:INFO:Huber Regressor Imported successfully
2023-11-30 23:00:18,149:INFO:Starting cross validation
2023-11-30 23:00:18,152:INFO:Cross validating with KFold(n_splits=10, random_state=None, shuffle=False), n_jobs=-1
2023-11-30 23:00:20,412:WARNING:C:\Users\USER\AppData\Roaming\Python\Python39\site-packages\sklearn\linear_model\_huber.py:342: ConvergenceWarning: lbfgs failed to converge (status=1):
STOP: TOTAL NO. of ITERATIONS REACHED LIMIT.

Increase the number of iterations (max_iter) or scale the data as shown in:
    https://scikit-learn.org/stable/modules/preprocessing.html
  self.n_iter_ = _check_optimize_result("lbfgs", opt_res, self.max_iter)

2023-11-30 23:00:20,416:WARNING:C:\Users\USER\AppData\Roaming\Python\Python39\site-packages\sklearn\linear_model\_huber.py:342: ConvergenceWarning: lbfgs failed to converge (status=1):
STOP: TOTAL NO. of ITERATIONS REACHED LIMIT.

Increase the number of iterations (max_iter) or scale the data as shown in:
    https://scikit-learn.org/stable/modules/preprocessing.html
  self.n_iter_ = _check_optimize_result("lbfgs", opt_res, self.max_iter)

2023-11-30 23:00:20,422:WARNING:C:\Users\USER\AppData\Roaming\Python\Python39\site-packages\sklearn\linear_model\_huber.py:342: ConvergenceWarning: lbfgs failed to converge (status=1):
STOP: TOTAL NO. of ITERATIONS REACHED LIMIT.

Increase the number of iterations (max_iter) or scale the data as shown in:
    https://scikit-learn.org/stable/modules/preprocessing.html
  self.n_iter_ = _check_optimize_result("lbfgs", opt_res, self.max_iter)

2023-11-30 23:00:20,427:WARNING:C:\Users\USER\AppData\Roaming\Python\Python39\site-packages\sklearn\linear_model\_huber.py:342: ConvergenceWarning: lbfgs failed to converge (status=1):
STOP: TOTAL NO. of ITERATIONS REACHED LIMIT.

Increase the number of iterations (max_iter) or scale the data as shown in:
    https://scikit-learn.org/stable/modules/preprocessing.html
  self.n_iter_ = _check_optimize_result("lbfgs", opt_res, self.max_iter)

2023-11-30 23:00:20,525:WARNING:C:\Users\USER\AppData\Roaming\Python\Python39\site-packages\sklearn\linear_model\_huber.py:342: ConvergenceWarning: lbfgs failed to converge (status=1):
STOP: TOTAL NO. of ITERATIONS REACHED LIMIT.

Increase the number of iterations (max_iter) or scale the data as shown in:
    https://scikit-learn.org/stable/modules/preprocessing.html
  self.n_iter_ = _check_optimize_result("lbfgs", opt_res, self.max_iter)

2023-11-30 23:00:20,528:WARNING:C:\Users\USER\AppData\Roaming\Python\Python39\site-packages\sklearn\linear_model\_huber.py:342: ConvergenceWarning: lbfgs failed to converge (status=1):
STOP: TOTAL NO. of ITERATIONS REACHED LIMIT.

Increase the number of iterations (max_iter) or scale the data as shown in:
    https://scikit-learn.org/stable/modules/preprocessing.html
  self.n_iter_ = _check_optimize_result("lbfgs", opt_res, self.max_iter)

2023-11-30 23:00:20,543:WARNING:C:\Users\USER\AppData\Roaming\Python\Python39\site-packages\sklearn\linear_model\_huber.py:342: ConvergenceWarning: lbfgs failed to converge (status=1):
STOP: TOTAL NO. of ITERATIONS REACHED LIMIT.

Increase the number of iterations (max_iter) or scale the data as shown in:
    https://scikit-learn.org/stable/modules/preprocessing.html
  self.n_iter_ = _check_optimize_result("lbfgs", opt_res, self.max_iter)

2023-11-30 23:00:20,543:WARNING:C:\Users\USER\AppData\Roaming\Python\Python39\site-packages\sklearn\linear_model\_huber.py:342: ConvergenceWarning: lbfgs failed to converge (status=1):
STOP: TOTAL NO. of ITERATIONS REACHED LIMIT.

Increase the number of iterations (max_iter) or scale the data as shown in:
    https://scikit-learn.org/stable/modules/preprocessing.html
  self.n_iter_ = _check_optimize_result("lbfgs", opt_res, self.max_iter)

2023-11-30 23:00:20,545:WARNING:C:\Users\USER\AppData\Roaming\Python\Python39\site-packages\sklearn\linear_model\_huber.py:342: ConvergenceWarning: lbfgs failed to converge (status=1):
STOP: TOTAL NO. of ITERATIONS REACHED LIMIT.

Increase the number of iterations (max_iter) or scale the data as shown in:
    https://scikit-learn.org/stable/modules/preprocessing.html
  self.n_iter_ = _check_optimize_result("lbfgs", opt_res, self.max_iter)

2023-11-30 23:00:20,547:WARNING:C:\Users\USER\AppData\Roaming\Python\Python39\site-packages\sklearn\linear_model\_huber.py:342: ConvergenceWarning: lbfgs failed to converge (status=1):
STOP: TOTAL NO. of ITERATIONS REACHED LIMIT.

Increase the number of iterations (max_iter) or scale the data as shown in:
    https://scikit-learn.org/stable/modules/preprocessing.html
  self.n_iter_ = _check_optimize_result("lbfgs", opt_res, self.max_iter)

2023-11-30 23:00:20,566:INFO:Calculating mean and std
2023-11-30 23:00:20,568:INFO:Creating metrics dataframe
2023-11-30 23:00:20,572:INFO:Uploading results into container
2023-11-30 23:00:20,573:INFO:Uploading model into container now
2023-11-30 23:00:20,574:INFO:_master_model_container: 10
2023-11-30 23:00:20,574:INFO:_display_container: 2
2023-11-30 23:00:20,574:INFO:HuberRegressor()
2023-11-30 23:00:20,574:INFO:create_model() successfully completed......................................
2023-11-30 23:00:20,774:INFO:SubProcess create_model() end ==================================
2023-11-30 23:00:20,774:INFO:Creating metrics dataframe
2023-11-30 23:00:20,800:INFO:Initializing K Neighbors Regressor
2023-11-30 23:00:20,800:INFO:Total runtime is 0.32941128015518184 minutes
2023-11-30 23:00:20,809:INFO:SubProcess create_model() called ==================================
2023-11-30 23:00:20,810:INFO:Initializing create_model()
2023-11-30 23:00:20,810:INFO:create_model(self=<pycaret.regression.oop.RegressionExperiment object at 0x0000020BFF777970>, estimator=knn, fold=KFold(n_splits=10, random_state=None, shuffle=False), round=4, cross_validation=True, predict=True, fit_kwargs={}, groups=None, refit=False, probability_threshold=None, experiment_custom_tags=None, verbose=False, system=False, add_to_model_list=True, metrics=None, display=<pycaret.internal.display.display.CommonDisplay object at 0x0000020BFF6B1160>, model_only=True, return_train_score=False, error_score=0.0, kwargs={})
2023-11-30 23:00:20,810:INFO:Checking exceptions
2023-11-30 23:00:20,810:INFO:Importing libraries
2023-11-30 23:00:20,810:INFO:Copying training dataset
2023-11-30 23:00:20,846:INFO:Defining folds
2023-11-30 23:00:20,846:INFO:Declaring metric variables
2023-11-30 23:00:20,855:INFO:Importing untrained model
2023-11-30 23:00:20,864:INFO:K Neighbors Regressor Imported successfully
2023-11-30 23:00:20,877:INFO:Starting cross validation
2023-11-30 23:00:20,880:INFO:Cross validating with KFold(n_splits=10, random_state=None, shuffle=False), n_jobs=-1
2023-11-30 23:00:22,972:INFO:Calculating mean and std
2023-11-30 23:00:22,974:INFO:Creating metrics dataframe
2023-11-30 23:00:22,977:INFO:Uploading results into container
2023-11-30 23:00:22,978:INFO:Uploading model into container now
2023-11-30 23:00:22,978:INFO:_master_model_container: 11
2023-11-30 23:00:22,978:INFO:_display_container: 2
2023-11-30 23:00:22,979:INFO:KNeighborsRegressor(n_jobs=-1)
2023-11-30 23:00:22,979:INFO:create_model() successfully completed......................................
2023-11-30 23:00:23,185:INFO:SubProcess create_model() end ==================================
2023-11-30 23:00:23,186:INFO:Creating metrics dataframe
2023-11-30 23:00:23,214:INFO:Initializing Decision Tree Regressor
2023-11-30 23:00:23,215:INFO:Total runtime is 0.36965988079706824 minutes
2023-11-30 23:00:23,222:INFO:SubProcess create_model() called ==================================
2023-11-30 23:00:23,223:INFO:Initializing create_model()
2023-11-30 23:00:23,223:INFO:create_model(self=<pycaret.regression.oop.RegressionExperiment object at 0x0000020BFF777970>, estimator=dt, fold=KFold(n_splits=10, random_state=None, shuffle=False), round=4, cross_validation=True, predict=True, fit_kwargs={}, groups=None, refit=False, probability_threshold=None, experiment_custom_tags=None, verbose=False, system=False, add_to_model_list=True, metrics=None, display=<pycaret.internal.display.display.CommonDisplay object at 0x0000020BFF6B1160>, model_only=True, return_train_score=False, error_score=0.0, kwargs={})
2023-11-30 23:00:23,223:INFO:Checking exceptions
2023-11-30 23:00:23,223:INFO:Importing libraries
2023-11-30 23:00:23,223:INFO:Copying training dataset
2023-11-30 23:00:23,260:INFO:Defining folds
2023-11-30 23:00:23,260:INFO:Declaring metric variables
2023-11-30 23:00:23,267:INFO:Importing untrained model
2023-11-30 23:00:23,274:INFO:Decision Tree Regressor Imported successfully
2023-11-30 23:00:23,286:INFO:Starting cross validation
2023-11-30 23:00:23,287:INFO:Cross validating with KFold(n_splits=10, random_state=None, shuffle=False), n_jobs=-1
2023-11-30 23:00:23,616:INFO:Calculating mean and std
2023-11-30 23:00:23,618:INFO:Creating metrics dataframe
2023-11-30 23:00:23,622:INFO:Uploading results into container
2023-11-30 23:00:23,623:INFO:Uploading model into container now
2023-11-30 23:00:23,623:INFO:_master_model_container: 12
2023-11-30 23:00:23,623:INFO:_display_container: 2
2023-11-30 23:00:23,624:INFO:DecisionTreeRegressor(random_state=42)
2023-11-30 23:00:23,624:INFO:create_model() successfully completed......................................
2023-11-30 23:00:23,817:INFO:SubProcess create_model() end ==================================
2023-11-30 23:00:23,817:INFO:Creating metrics dataframe
2023-11-30 23:00:23,836:INFO:Initializing Random Forest Regressor
2023-11-30 23:00:23,836:INFO:Total runtime is 0.3800050656000773 minutes
2023-11-30 23:00:23,842:INFO:SubProcess create_model() called ==================================
2023-11-30 23:00:23,842:INFO:Initializing create_model()
2023-11-30 23:00:23,842:INFO:create_model(self=<pycaret.regression.oop.RegressionExperiment object at 0x0000020BFF777970>, estimator=rf, fold=KFold(n_splits=10, random_state=None, shuffle=False), round=4, cross_validation=True, predict=True, fit_kwargs={}, groups=None, refit=False, probability_threshold=None, experiment_custom_tags=None, verbose=False, system=False, add_to_model_list=True, metrics=None, display=<pycaret.internal.display.display.CommonDisplay object at 0x0000020BFF6B1160>, model_only=True, return_train_score=False, error_score=0.0, kwargs={})
2023-11-30 23:00:23,842:INFO:Checking exceptions
2023-11-30 23:00:23,842:INFO:Importing libraries
2023-11-30 23:00:23,842:INFO:Copying training dataset
2023-11-30 23:00:23,878:INFO:Defining folds
2023-11-30 23:00:23,880:INFO:Declaring metric variables
2023-11-30 23:00:23,890:INFO:Importing untrained model
2023-11-30 23:00:23,898:INFO:Random Forest Regressor Imported successfully
2023-11-30 23:00:23,911:INFO:Starting cross validation
2023-11-30 23:00:23,912:INFO:Cross validating with KFold(n_splits=10, random_state=None, shuffle=False), n_jobs=-1
2023-11-30 23:00:30,811:INFO:Calculating mean and std
2023-11-30 23:00:30,814:INFO:Creating metrics dataframe
2023-11-30 23:00:30,819:INFO:Uploading results into container
2023-11-30 23:00:30,820:INFO:Uploading model into container now
2023-11-30 23:00:30,820:INFO:_master_model_container: 13
2023-11-30 23:00:30,820:INFO:_display_container: 2
2023-11-30 23:00:30,821:INFO:RandomForestRegressor(n_jobs=-1, random_state=42)
2023-11-30 23:00:30,821:INFO:create_model() successfully completed......................................
2023-11-30 23:00:31,008:INFO:SubProcess create_model() end ==================================
2023-11-30 23:00:31,008:INFO:Creating metrics dataframe
2023-11-30 23:00:31,027:INFO:Initializing Extra Trees Regressor
2023-11-30 23:00:31,027:INFO:Total runtime is 0.499858820438385 minutes
2023-11-30 23:00:31,032:INFO:SubProcess create_model() called ==================================
2023-11-30 23:00:31,034:INFO:Initializing create_model()
2023-11-30 23:00:31,034:INFO:create_model(self=<pycaret.regression.oop.RegressionExperiment object at 0x0000020BFF777970>, estimator=et, fold=KFold(n_splits=10, random_state=None, shuffle=False), round=4, cross_validation=True, predict=True, fit_kwargs={}, groups=None, refit=False, probability_threshold=None, experiment_custom_tags=None, verbose=False, system=False, add_to_model_list=True, metrics=None, display=<pycaret.internal.display.display.CommonDisplay object at 0x0000020BFF6B1160>, model_only=True, return_train_score=False, error_score=0.0, kwargs={})
2023-11-30 23:00:31,034:INFO:Checking exceptions
2023-11-30 23:00:31,034:INFO:Importing libraries
2023-11-30 23:00:31,034:INFO:Copying training dataset
2023-11-30 23:00:31,075:INFO:Defining folds
2023-11-30 23:00:31,076:INFO:Declaring metric variables
2023-11-30 23:00:31,088:INFO:Importing untrained model
2023-11-30 23:00:31,098:INFO:Extra Trees Regressor Imported successfully
2023-11-30 23:00:31,120:INFO:Starting cross validation
2023-11-30 23:00:31,124:INFO:Cross validating with KFold(n_splits=10, random_state=None, shuffle=False), n_jobs=-1
2023-11-30 23:00:38,820:INFO:Calculating mean and std
2023-11-30 23:00:38,822:INFO:Creating metrics dataframe
2023-11-30 23:00:38,827:INFO:Uploading results into container
2023-11-30 23:00:38,828:INFO:Uploading model into container now
2023-11-30 23:00:38,829:INFO:_master_model_container: 14
2023-11-30 23:00:38,829:INFO:_display_container: 2
2023-11-30 23:00:38,830:INFO:ExtraTreesRegressor(n_jobs=-1, random_state=42)
2023-11-30 23:00:38,830:INFO:create_model() successfully completed......................................
2023-11-30 23:00:39,040:INFO:SubProcess create_model() end ==================================
2023-11-30 23:00:39,040:INFO:Creating metrics dataframe
2023-11-30 23:00:39,053:INFO:Initializing AdaBoost Regressor
2023-11-30 23:00:39,053:INFO:Total runtime is 0.6336223642031351 minutes
2023-11-30 23:00:39,057:INFO:SubProcess create_model() called ==================================
2023-11-30 23:00:39,057:INFO:Initializing create_model()
2023-11-30 23:00:39,057:INFO:create_model(self=<pycaret.regression.oop.RegressionExperiment object at 0x0000020BFF777970>, estimator=ada, fold=KFold(n_splits=10, random_state=None, shuffle=False), round=4, cross_validation=True, predict=True, fit_kwargs={}, groups=None, refit=False, probability_threshold=None, experiment_custom_tags=None, verbose=False, system=False, add_to_model_list=True, metrics=None, display=<pycaret.internal.display.display.CommonDisplay object at 0x0000020BFF6B1160>, model_only=True, return_train_score=False, error_score=0.0, kwargs={})
2023-11-30 23:00:39,057:INFO:Checking exceptions
2023-11-30 23:00:39,057:INFO:Importing libraries
2023-11-30 23:00:39,057:INFO:Copying training dataset
2023-11-30 23:00:39,085:INFO:Defining folds
2023-11-30 23:00:39,085:INFO:Declaring metric variables
2023-11-30 23:00:39,092:INFO:Importing untrained model
2023-11-30 23:00:39,101:INFO:AdaBoost Regressor Imported successfully
2023-11-30 23:00:39,120:INFO:Starting cross validation
2023-11-30 23:00:39,123:INFO:Cross validating with KFold(n_splits=10, random_state=None, shuffle=False), n_jobs=-1
2023-11-30 23:00:40,342:INFO:Calculating mean and std
2023-11-30 23:00:40,346:INFO:Creating metrics dataframe
2023-11-30 23:00:40,353:INFO:Uploading results into container
2023-11-30 23:00:40,354:INFO:Uploading model into container now
2023-11-30 23:00:40,355:INFO:_master_model_container: 15
2023-11-30 23:00:40,356:INFO:_display_container: 2
2023-11-30 23:00:40,356:INFO:AdaBoostRegressor(random_state=42)
2023-11-30 23:00:40,356:INFO:create_model() successfully completed......................................
2023-11-30 23:00:40,592:INFO:SubProcess create_model() end ==================================
2023-11-30 23:00:40,592:INFO:Creating metrics dataframe
2023-11-30 23:00:40,613:INFO:Initializing Gradient Boosting Regressor
2023-11-30 23:00:40,613:INFO:Total runtime is 0.6596207102139791 minutes
2023-11-30 23:00:40,618:INFO:SubProcess create_model() called ==================================
2023-11-30 23:00:40,619:INFO:Initializing create_model()
2023-11-30 23:00:40,619:INFO:create_model(self=<pycaret.regression.oop.RegressionExperiment object at 0x0000020BFF777970>, estimator=gbr, fold=KFold(n_splits=10, random_state=None, shuffle=False), round=4, cross_validation=True, predict=True, fit_kwargs={}, groups=None, refit=False, probability_threshold=None, experiment_custom_tags=None, verbose=False, system=False, add_to_model_list=True, metrics=None, display=<pycaret.internal.display.display.CommonDisplay object at 0x0000020BFF6B1160>, model_only=True, return_train_score=False, error_score=0.0, kwargs={})
2023-11-30 23:00:40,619:INFO:Checking exceptions
2023-11-30 23:00:40,620:INFO:Importing libraries
2023-11-30 23:00:40,620:INFO:Copying training dataset
2023-11-30 23:00:40,656:INFO:Defining folds
2023-11-30 23:00:40,657:INFO:Declaring metric variables
2023-11-30 23:00:40,663:INFO:Importing untrained model
2023-11-30 23:00:40,668:INFO:Gradient Boosting Regressor Imported successfully
2023-11-30 23:00:40,678:INFO:Starting cross validation
2023-11-30 23:00:40,680:INFO:Cross validating with KFold(n_splits=10, random_state=None, shuffle=False), n_jobs=-1
2023-11-30 23:00:44,236:INFO:Calculating mean and std
2023-11-30 23:00:44,238:INFO:Creating metrics dataframe
2023-11-30 23:00:44,243:INFO:Uploading results into container
2023-11-30 23:00:44,244:INFO:Uploading model into container now
2023-11-30 23:00:44,245:INFO:_master_model_container: 16
2023-11-30 23:00:44,245:INFO:_display_container: 2
2023-11-30 23:00:44,245:INFO:GradientBoostingRegressor(random_state=42)
2023-11-30 23:00:44,245:INFO:create_model() successfully completed......................................
2023-11-30 23:00:44,430:INFO:SubProcess create_model() end ==================================
2023-11-30 23:00:44,431:INFO:Creating metrics dataframe
2023-11-30 23:00:44,453:INFO:Initializing Extreme Gradient Boosting
2023-11-30 23:00:44,455:INFO:Total runtime is 0.7236508170763651 minutes
2023-11-30 23:00:44,463:INFO:SubProcess create_model() called ==================================
2023-11-30 23:00:44,464:INFO:Initializing create_model()
2023-11-30 23:00:44,464:INFO:create_model(self=<pycaret.regression.oop.RegressionExperiment object at 0x0000020BFF777970>, estimator=xgboost, fold=KFold(n_splits=10, random_state=None, shuffle=False), round=4, cross_validation=True, predict=True, fit_kwargs={}, groups=None, refit=False, probability_threshold=None, experiment_custom_tags=None, verbose=False, system=False, add_to_model_list=True, metrics=None, display=<pycaret.internal.display.display.CommonDisplay object at 0x0000020BFF6B1160>, model_only=True, return_train_score=False, error_score=0.0, kwargs={})
2023-11-30 23:00:44,464:INFO:Checking exceptions
2023-11-30 23:00:44,464:INFO:Importing libraries
2023-11-30 23:00:44,464:INFO:Copying training dataset
2023-11-30 23:00:44,507:INFO:Defining folds
2023-11-30 23:00:44,508:INFO:Declaring metric variables
2023-11-30 23:00:44,514:INFO:Importing untrained model
2023-11-30 23:00:44,521:INFO:Extreme Gradient Boosting Imported successfully
2023-11-30 23:00:44,539:INFO:Starting cross validation
2023-11-30 23:00:44,541:INFO:Cross validating with KFold(n_splits=10, random_state=None, shuffle=False), n_jobs=-1
2023-11-30 23:00:50,556:INFO:Calculating mean and std
2023-11-30 23:00:50,558:INFO:Creating metrics dataframe
2023-11-30 23:00:50,563:INFO:Uploading results into container
2023-11-30 23:00:50,564:INFO:Uploading model into container now
2023-11-30 23:00:50,565:INFO:_master_model_container: 17
2023-11-30 23:00:50,565:INFO:_display_container: 2
2023-11-30 23:00:50,566:INFO:XGBRegressor(base_score=None, booster='gbtree', callbacks=None,
             colsample_bylevel=None, colsample_bynode=None,
             colsample_bytree=None, early_stopping_rounds=None,
             enable_categorical=False, eval_metric=None, feature_types=None,
             gamma=None, gpu_id=None, grow_policy=None, importance_type=None,
             interaction_constraints=None, learning_rate=None, max_bin=None,
             max_cat_threshold=None, max_cat_to_onehot=None,
             max_delta_step=None, max_depth=None, max_leaves=None,
             min_child_weight=None, missing=nan, monotone_constraints=None,
             n_estimators=100, n_jobs=-1, num_parallel_tree=None,
             predictor=None, random_state=42, ...)
2023-11-30 23:00:50,566:INFO:create_model() successfully completed......................................
2023-11-30 23:00:50,762:INFO:SubProcess create_model() end ==================================
2023-11-30 23:00:50,762:INFO:Creating metrics dataframe
2023-11-30 23:00:50,781:INFO:Initializing Light Gradient Boosting Machine
2023-11-30 23:00:50,781:INFO:Total runtime is 0.8290900389353434 minutes
2023-11-30 23:00:50,787:INFO:SubProcess create_model() called ==================================
2023-11-30 23:00:50,788:INFO:Initializing create_model()
2023-11-30 23:00:50,788:INFO:create_model(self=<pycaret.regression.oop.RegressionExperiment object at 0x0000020BFF777970>, estimator=lightgbm, fold=KFold(n_splits=10, random_state=None, shuffle=False), round=4, cross_validation=True, predict=True, fit_kwargs={}, groups=None, refit=False, probability_threshold=None, experiment_custom_tags=None, verbose=False, system=False, add_to_model_list=True, metrics=None, display=<pycaret.internal.display.display.CommonDisplay object at 0x0000020BFF6B1160>, model_only=True, return_train_score=False, error_score=0.0, kwargs={})
2023-11-30 23:00:50,788:INFO:Checking exceptions
2023-11-30 23:00:50,788:INFO:Importing libraries
2023-11-30 23:00:50,788:INFO:Copying training dataset
2023-11-30 23:00:50,829:INFO:Defining folds
2023-11-30 23:00:50,829:INFO:Declaring metric variables
2023-11-30 23:00:50,841:INFO:Importing untrained model
2023-11-30 23:00:50,851:INFO:Light Gradient Boosting Machine Imported successfully
2023-11-30 23:00:50,870:INFO:Starting cross validation
2023-11-30 23:00:50,874:INFO:Cross validating with KFold(n_splits=10, random_state=None, shuffle=False), n_jobs=-1
2023-11-30 23:00:54,308:INFO:Calculating mean and std
2023-11-30 23:00:54,310:INFO:Creating metrics dataframe
2023-11-30 23:00:54,314:INFO:Uploading results into container
2023-11-30 23:00:54,314:INFO:Uploading model into container now
2023-11-30 23:00:54,315:INFO:_master_model_container: 18
2023-11-30 23:00:54,315:INFO:_display_container: 2
2023-11-30 23:00:54,315:INFO:LGBMRegressor(random_state=42)
2023-11-30 23:00:54,315:INFO:create_model() successfully completed......................................
2023-11-30 23:00:54,526:INFO:SubProcess create_model() end ==================================
2023-11-30 23:00:54,526:INFO:Creating metrics dataframe
2023-11-30 23:00:54,560:INFO:Initializing CatBoost Regressor
2023-11-30 23:00:54,560:INFO:Total runtime is 0.8920829057693481 minutes
2023-11-30 23:00:54,566:INFO:SubProcess create_model() called ==================================
2023-11-30 23:00:54,566:INFO:Initializing create_model()
2023-11-30 23:00:54,566:INFO:create_model(self=<pycaret.regression.oop.RegressionExperiment object at 0x0000020BFF777970>, estimator=catboost, fold=KFold(n_splits=10, random_state=None, shuffle=False), round=4, cross_validation=True, predict=True, fit_kwargs={}, groups=None, refit=False, probability_threshold=None, experiment_custom_tags=None, verbose=False, system=False, add_to_model_list=True, metrics=None, display=<pycaret.internal.display.display.CommonDisplay object at 0x0000020BFF6B1160>, model_only=True, return_train_score=False, error_score=0.0, kwargs={})
2023-11-30 23:00:54,566:INFO:Checking exceptions
2023-11-30 23:00:54,566:INFO:Importing libraries
2023-11-30 23:00:54,567:INFO:Copying training dataset
2023-11-30 23:00:54,605:INFO:Defining folds
2023-11-30 23:00:54,605:INFO:Declaring metric variables
2023-11-30 23:00:54,615:INFO:Importing untrained model
2023-11-30 23:00:54,638:INFO:CatBoost Regressor Imported successfully
2023-11-30 23:00:54,656:INFO:Starting cross validation
2023-11-30 23:00:54,659:INFO:Cross validating with KFold(n_splits=10, random_state=None, shuffle=False), n_jobs=-1
2023-11-30 23:01:07,329:INFO:Calculating mean and std
2023-11-30 23:01:07,332:INFO:Creating metrics dataframe
2023-11-30 23:01:07,339:INFO:Uploading results into container
2023-11-30 23:01:07,340:INFO:Uploading model into container now
2023-11-30 23:01:07,341:INFO:_master_model_container: 19
2023-11-30 23:01:07,342:INFO:_display_container: 2
2023-11-30 23:01:07,342:INFO:<catboost.core.CatBoostRegressor object at 0x0000020BD4AA3640>
2023-11-30 23:01:07,342:INFO:create_model() successfully completed......................................
2023-11-30 23:01:07,529:INFO:SubProcess create_model() end ==================================
2023-11-30 23:01:07,529:INFO:Creating metrics dataframe
2023-11-30 23:01:07,556:INFO:Initializing Dummy Regressor
2023-11-30 23:01:07,556:INFO:Total runtime is 1.1086731235186258 minutes
2023-11-30 23:01:07,563:INFO:SubProcess create_model() called ==================================
2023-11-30 23:01:07,563:INFO:Initializing create_model()
2023-11-30 23:01:07,563:INFO:create_model(self=<pycaret.regression.oop.RegressionExperiment object at 0x0000020BFF777970>, estimator=dummy, fold=KFold(n_splits=10, random_state=None, shuffle=False), round=4, cross_validation=True, predict=True, fit_kwargs={}, groups=None, refit=False, probability_threshold=None, experiment_custom_tags=None, verbose=False, system=False, add_to_model_list=True, metrics=None, display=<pycaret.internal.display.display.CommonDisplay object at 0x0000020BFF6B1160>, model_only=True, return_train_score=False, error_score=0.0, kwargs={})
2023-11-30 23:01:07,564:INFO:Checking exceptions
2023-11-30 23:01:07,564:INFO:Importing libraries
2023-11-30 23:01:07,564:INFO:Copying training dataset
2023-11-30 23:01:07,610:INFO:Defining folds
2023-11-30 23:01:07,611:INFO:Declaring metric variables
2023-11-30 23:01:07,622:INFO:Importing untrained model
2023-11-30 23:01:07,635:INFO:Dummy Regressor Imported successfully
2023-11-30 23:01:07,650:INFO:Starting cross validation
2023-11-30 23:01:07,653:INFO:Cross validating with KFold(n_splits=10, random_state=None, shuffle=False), n_jobs=-1
2023-11-30 23:01:07,913:INFO:Calculating mean and std
2023-11-30 23:01:07,915:INFO:Creating metrics dataframe
2023-11-30 23:01:07,918:INFO:Uploading results into container
2023-11-30 23:01:07,919:INFO:Uploading model into container now
2023-11-30 23:01:07,919:INFO:_master_model_container: 20
2023-11-30 23:01:07,919:INFO:_display_container: 2
2023-11-30 23:01:07,920:INFO:DummyRegressor()
2023-11-30 23:01:07,920:INFO:create_model() successfully completed......................................
2023-11-30 23:01:08,125:INFO:SubProcess create_model() end ==================================
2023-11-30 23:01:08,126:INFO:Creating metrics dataframe
2023-11-30 23:01:08,166:INFO:Initializing create_model()
2023-11-30 23:01:08,166:INFO:create_model(self=<pycaret.regression.oop.RegressionExperiment object at 0x0000020BFF777970>, estimator=GradientBoostingRegressor(random_state=42), fold=KFold(n_splits=10, random_state=None, shuffle=False), round=4, cross_validation=False, predict=False, fit_kwargs={}, groups=None, refit=True, probability_threshold=None, experiment_custom_tags=None, verbose=False, system=False, add_to_model_list=True, metrics=None, display=None, model_only=True, return_train_score=False, error_score=0.0, kwargs={})
2023-11-30 23:01:08,166:INFO:Checking exceptions
2023-11-30 23:01:08,168:INFO:Importing libraries
2023-11-30 23:01:08,169:INFO:Copying training dataset
2023-11-30 23:01:08,203:INFO:Defining folds
2023-11-30 23:01:08,204:INFO:Declaring metric variables
2023-11-30 23:01:08,204:INFO:Importing untrained model
2023-11-30 23:01:08,204:INFO:Declaring custom model
2023-11-30 23:01:08,206:INFO:Gradient Boosting Regressor Imported successfully
2023-11-30 23:01:08,207:INFO:Cross validation set to False
2023-11-30 23:01:08,207:INFO:Fitting Model
2023-11-30 23:01:10,533:INFO:GradientBoostingRegressor(random_state=42)
2023-11-30 23:01:10,534:INFO:create_model() successfully completed......................................
2023-11-30 23:01:10,804:INFO:_master_model_container: 20
2023-11-30 23:01:10,805:INFO:_display_container: 2
2023-11-30 23:01:10,806:INFO:GradientBoostingRegressor(random_state=42)
2023-11-30 23:01:10,807:INFO:compare_models() successfully completed......................................
2023-11-30 23:02:19,473:INFO:Initializing finalize_model()
2023-11-30 23:02:19,473:INFO:finalize_model(self=<pycaret.regression.oop.RegressionExperiment object at 0x0000020BFF777970>, estimator=GradientBoostingRegressor(random_state=42), fit_kwargs=None, groups=None, model_only=False, experiment_custom_tags=None)
2023-11-30 23:02:19,474:INFO:Finalizing GradientBoostingRegressor(random_state=42)
2023-11-30 23:02:19,504:INFO:Initializing create_model()
2023-11-30 23:02:19,504:INFO:create_model(self=<pycaret.regression.oop.RegressionExperiment object at 0x0000020BFF777970>, estimator=GradientBoostingRegressor(random_state=42), fold=None, round=4, cross_validation=False, predict=False, fit_kwargs={}, groups=None, refit=True, probability_threshold=None, experiment_custom_tags=None, verbose=False, system=False, add_to_model_list=False, metrics=None, display=None, model_only=False, return_train_score=False, error_score=0.0, kwargs={})
2023-11-30 23:02:19,505:INFO:Checking exceptions
2023-11-30 23:02:19,508:INFO:Importing libraries
2023-11-30 23:02:19,508:INFO:Copying training dataset
2023-11-30 23:02:19,508:INFO:Defining folds
2023-11-30 23:02:19,509:INFO:Declaring metric variables
2023-11-30 23:02:19,509:INFO:Importing untrained model
2023-11-30 23:02:19,509:INFO:Declaring custom model
2023-11-30 23:02:19,510:INFO:Gradient Boosting Regressor Imported successfully
2023-11-30 23:02:19,511:INFO:Cross validation set to False
2023-11-30 23:02:19,511:INFO:Fitting Model
2023-11-30 23:02:22,360:INFO:Pipeline(memory=Memory(location=None),
         steps=[('numerical_imputer',
                 TransformerWrapper(include=['주말', '평일', '눈', '맑음', '비', '흐림',
                                             '남구', '달서구', '달성군', '동구', '북구',
                                             '서구', '수성구', '중구', '교차로 - 교차로부근',
                                             '교차로 - 교차로안', '교차로 - 교차로횡단보도내',
                                             '단일로 - 고가도로위', '단일로 - 교량',
                                             '단일로 - 기타', '단일로 - 지하차도(도로)내',
                                             '단일로 - 터널', '주차장 - 주차장', '건조',
                                             '서리/결빙', '적설', '젖음/습기', '침수',
                                             '차대사람', '차대차', ...],
                                    transformer=SimpleImputer())),
                ('categorical_imputer',
                 TransformerWrapper(include=[],
                                    transformer=SimpleImputer(strategy='most_frequent'))),
                ('clean_column_names',
                 TransformerWrapper(transformer=CleanColumnNames())),
                ('actual_estimator',
                 GradientBoostingRegressor(random_state=42))])
2023-11-30 23:02:22,360:INFO:create_model() successfully completed......................................
2023-11-30 23:02:22,550:INFO:_master_model_container: 20
2023-11-30 23:02:22,550:INFO:_display_container: 2
2023-11-30 23:02:22,561:INFO:Pipeline(memory=Memory(location=None),
         steps=[('numerical_imputer',
                 TransformerWrapper(include=['주말', '평일', '눈', '맑음', '비', '흐림',
                                             '남구', '달서구', '달성군', '동구', '북구',
                                             '서구', '수성구', '중구', '교차로 - 교차로부근',
                                             '교차로 - 교차로안', '교차로 - 교차로횡단보도내',
                                             '단일로 - 고가도로위', '단일로 - 교량',
                                             '단일로 - 기타', '단일로 - 지하차도(도로)내',
                                             '단일로 - 터널', '주차장 - 주차장', '건조',
                                             '서리/결빙', '적설', '젖음/습기', '침수',
                                             '차대사람', '차대차', ...],
                                    transformer=SimpleImputer())),
                ('categorical_imputer',
                 TransformerWrapper(include=[],
                                    transformer=SimpleImputer(strategy='most_frequent'))),
                ('clean_column_names',
                 TransformerWrapper(transformer=CleanColumnNames())),
                ('actual_estimator',
                 GradientBoostingRegressor(random_state=42))])
2023-11-30 23:02:22,562:INFO:finalize_model() successfully completed......................................
2023-11-30 23:07:31,802:INFO:Initializing predict_model()
2023-11-30 23:07:31,802:INFO:predict_model(self=<pycaret.regression.oop.RegressionExperiment object at 0x0000020BFF777970>, estimator=Pipeline(memory=Memory(location=None),
         steps=[('numerical_imputer',
                 TransformerWrapper(include=['주말', '평일', '눈', '맑음', '비', '흐림',
                                             '남구', '달서구', '달성군', '동구', '북구',
                                             '서구', '수성구', '중구', '교차로 - 교차로부근',
                                             '교차로 - 교차로안', '교차로 - 교차로횡단보도내',
                                             '단일로 - 고가도로위', '단일로 - 교량',
                                             '단일로 - 기타', '단일로 - 지하차도(도로)내',
                                             '단일로 - 터널', '주차장 - 주차장', '건조',
                                             '서리/결빙', '적설', '젖음/습기', '침수',
                                             '차대사람', '차대차', ...],
                                    transformer=SimpleImputer())),
                ('categorical_imputer',
                 TransformerWrapper(include=[],
                                    transformer=SimpleImputer(strategy='most_frequent'))),
                ('clean_column_names',
                 TransformerWrapper(transformer=CleanColumnNames())),
                ('actual_estimator',
                 GradientBoostingRegressor(random_state=42))]), probability_threshold=None, encoded_labels=False, raw_score=False, round=4, verbose=True, ml_usecase=None, preprocess=True, encode_labels=<function _SupervisedExperiment.predict_model.<locals>.encode_labels at 0x0000020BD4F04280>)
2023-11-30 23:07:31,802:INFO:Checking exceptions
2023-11-30 23:07:31,803:INFO:Preloading libraries
2023-11-30 23:07:31,806:INFO:Set up data.
2023-11-30 23:07:31,822:INFO:Set up index.
2023-11-30 23:08:13,251:INFO:Initializing save_model()
2023-11-30 23:08:13,251:INFO:save_model(model=Pipeline(memory=Memory(location=None),
         steps=[('numerical_imputer',
                 TransformerWrapper(include=['주말', '평일', '눈', '맑음', '비', '흐림',
                                             '남구', '달서구', '달성군', '동구', '북구',
                                             '서구', '수성구', '중구', '교차로 - 교차로부근',
                                             '교차로 - 교차로안', '교차로 - 교차로횡단보도내',
                                             '단일로 - 고가도로위', '단일로 - 교량',
                                             '단일로 - 기타', '단일로 - 지하차도(도로)내',
                                             '단일로 - 터널', '주차장 - 주차장', '건조',
                                             '서리/결빙', '적설', '젖음/습기', '침수',
                                             '차대사람', '차대차', ...],
                                    transformer=SimpleImputer())),
                ('categorical_imputer',
                 TransformerWrapper(include=[],
                                    transformer=SimpleImputer(strategy='most_frequent'))),
                ('clean_column_names',
                 TransformerWrapper(transformer=CleanColumnNames())),
                ('actual_estimator',
                 GradientBoostingRegressor(random_state=42))]), model_name=../model/003pycaret_regression_model, prep_pipe_=Pipeline(memory=FastMemory(location=C:\Users\USER\AppData\Local\Temp\joblib),
         steps=[('numerical_imputer',
                 TransformerWrapper(include=['주말', '평일', '눈', '맑음', '비', '흐림',
                                             '남구', '달서구', '달성군', '동구', '북구',
                                             '서구', '수성구', '중구', '교차로 - 교차로부근',
                                             '교차로 - 교차로안', '교차로 - 교차로횡단보도내',
                                             '단일로 - 고가도로위', '단일로 - 교량',
                                             '단일로 - 기타', '단일로 - 지하차도(도로)내',
                                             '단일로 - 터널', '주차장 - 주차장', '건조',
                                             '서리/결빙', '적설', '젖음/습기', '침수',
                                             '차대사람', '차대차', ...],
                                    transformer=SimpleImputer())),
                ('categorical_imputer',
                 TransformerWrapper(include=[],
                                    transformer=SimpleImputer(strategy='most_frequent'))),
                ('clean_column_names',
                 TransformerWrapper(transformer=CleanColumnNames()))]), verbose=True, use_case=MLUsecase.REGRESSION, kwargs={})
2023-11-30 23:08:13,252:INFO:Adding model into prep_pipe
2023-11-30 23:08:13,252:WARNING:Only Model saved as it was a pipeline.
2023-11-30 23:08:13,269:INFO:../model/003pycaret_regression_model.pkl saved in current working directory
2023-11-30 23:08:13,284:INFO:Pipeline(memory=Memory(location=None),
         steps=[('numerical_imputer',
                 TransformerWrapper(include=['주말', '평일', '눈', '맑음', '비', '흐림',
                                             '남구', '달서구', '달성군', '동구', '북구',
                                             '서구', '수성구', '중구', '교차로 - 교차로부근',
                                             '교차로 - 교차로안', '교차로 - 교차로횡단보도내',
                                             '단일로 - 고가도로위', '단일로 - 교량',
                                             '단일로 - 기타', '단일로 - 지하차도(도로)내',
                                             '단일로 - 터널', '주차장 - 주차장', '건조',
                                             '서리/결빙', '적설', '젖음/습기', '침수',
                                             '차대사람', '차대차', ...],
                                    transformer=SimpleImputer())),
                ('categorical_imputer',
                 TransformerWrapper(include=[],
                                    transformer=SimpleImputer(strategy='most_frequent'))),
                ('clean_column_names',
                 TransformerWrapper(transformer=CleanColumnNames())),
                ('actual_estimator',
                 GradientBoostingRegressor(random_state=42))])
2023-11-30 23:08:13,284:INFO:save_model() successfully completed......................................
2023-11-30 23:08:13,472:INFO:Initializing load_model()
2023-11-30 23:08:13,474:INFO:load_model(model_name=../model/003pycaret_regression_mode, platform=None, authentication=None, verbose=True)
2023-11-30 23:08:28,613:INFO:Initializing save_model()
2023-11-30 23:08:28,615:INFO:save_model(model=Pipeline(memory=Memory(location=None),
         steps=[('numerical_imputer',
                 TransformerWrapper(include=['주말', '평일', '눈', '맑음', '비', '흐림',
                                             '남구', '달서구', '달성군', '동구', '북구',
                                             '서구', '수성구', '중구', '교차로 - 교차로부근',
                                             '교차로 - 교차로안', '교차로 - 교차로횡단보도내',
                                             '단일로 - 고가도로위', '단일로 - 교량',
                                             '단일로 - 기타', '단일로 - 지하차도(도로)내',
                                             '단일로 - 터널', '주차장 - 주차장', '건조',
                                             '서리/결빙', '적설', '젖음/습기', '침수',
                                             '차대사람', '차대차', ...],
                                    transformer=SimpleImputer())),
                ('categorical_imputer',
                 TransformerWrapper(include=[],
                                    transformer=SimpleImputer(strategy='most_frequent'))),
                ('clean_column_names',
                 TransformerWrapper(transformer=CleanColumnNames())),
                ('actual_estimator',
                 GradientBoostingRegressor(random_state=42))]), model_name=../model/003pycaret_regression_model, prep_pipe_=Pipeline(memory=FastMemory(location=C:\Users\USER\AppData\Local\Temp\joblib),
         steps=[('numerical_imputer',
                 TransformerWrapper(include=['주말', '평일', '눈', '맑음', '비', '흐림',
                                             '남구', '달서구', '달성군', '동구', '북구',
                                             '서구', '수성구', '중구', '교차로 - 교차로부근',
                                             '교차로 - 교차로안', '교차로 - 교차로횡단보도내',
                                             '단일로 - 고가도로위', '단일로 - 교량',
                                             '단일로 - 기타', '단일로 - 지하차도(도로)내',
                                             '단일로 - 터널', '주차장 - 주차장', '건조',
                                             '서리/결빙', '적설', '젖음/습기', '침수',
                                             '차대사람', '차대차', ...],
                                    transformer=SimpleImputer())),
                ('categorical_imputer',
                 TransformerWrapper(include=[],
                                    transformer=SimpleImputer(strategy='most_frequent'))),
                ('clean_column_names',
                 TransformerWrapper(transformer=CleanColumnNames()))]), verbose=True, use_case=MLUsecase.REGRESSION, kwargs={})
2023-11-30 23:08:28,615:INFO:Adding model into prep_pipe
2023-11-30 23:08:28,615:WARNING:Only Model saved as it was a pipeline.
2023-11-30 23:08:28,622:INFO:../model/003pycaret_regression_model.pkl saved in current working directory
2023-11-30 23:08:28,628:INFO:Pipeline(memory=Memory(location=None),
         steps=[('numerical_imputer',
                 TransformerWrapper(include=['주말', '평일', '눈', '맑음', '비', '흐림',
                                             '남구', '달서구', '달성군', '동구', '북구',
                                             '서구', '수성구', '중구', '교차로 - 교차로부근',
                                             '교차로 - 교차로안', '교차로 - 교차로횡단보도내',
                                             '단일로 - 고가도로위', '단일로 - 교량',
                                             '단일로 - 기타', '단일로 - 지하차도(도로)내',
                                             '단일로 - 터널', '주차장 - 주차장', '건조',
                                             '서리/결빙', '적설', '젖음/습기', '침수',
                                             '차대사람', '차대차', ...],
                                    transformer=SimpleImputer())),
                ('categorical_imputer',
                 TransformerWrapper(include=[],
                                    transformer=SimpleImputer(strategy='most_frequent'))),
                ('clean_column_names',
                 TransformerWrapper(transformer=CleanColumnNames())),
                ('actual_estimator',
                 GradientBoostingRegressor(random_state=42))])
2023-11-30 23:08:28,628:INFO:save_model() successfully completed......................................
2023-11-30 23:08:28,866:INFO:Initializing load_model()
2023-11-30 23:08:28,867:INFO:load_model(model_name=../model/003pycaret_regression_modeL, platform=None, authentication=None, verbose=True)
2023-11-30 23:08:32,079:INFO:Initializing save_model()
2023-11-30 23:08:32,080:INFO:save_model(model=Pipeline(memory=Memory(location=None),
         steps=[('numerical_imputer',
                 TransformerWrapper(include=['주말', '평일', '눈', '맑음', '비', '흐림',
                                             '남구', '달서구', '달성군', '동구', '북구',
                                             '서구', '수성구', '중구', '교차로 - 교차로부근',
                                             '교차로 - 교차로안', '교차로 - 교차로횡단보도내',
                                             '단일로 - 고가도로위', '단일로 - 교량',
                                             '단일로 - 기타', '단일로 - 지하차도(도로)내',
                                             '단일로 - 터널', '주차장 - 주차장', '건조',
                                             '서리/결빙', '적설', '젖음/습기', '침수',
                                             '차대사람', '차대차', ...],
                                    transformer=SimpleImputer())),
                ('categorical_imputer',
                 TransformerWrapper(include=[],
                                    transformer=SimpleImputer(strategy='most_frequent'))),
                ('clean_column_names',
                 TransformerWrapper(transformer=CleanColumnNames())),
                ('actual_estimator',
                 GradientBoostingRegressor(random_state=42))]), model_name=../model/003pycaret_regression_model, prep_pipe_=Pipeline(memory=FastMemory(location=C:\Users\USER\AppData\Local\Temp\joblib),
         steps=[('numerical_imputer',
                 TransformerWrapper(include=['주말', '평일', '눈', '맑음', '비', '흐림',
                                             '남구', '달서구', '달성군', '동구', '북구',
                                             '서구', '수성구', '중구', '교차로 - 교차로부근',
                                             '교차로 - 교차로안', '교차로 - 교차로횡단보도내',
                                             '단일로 - 고가도로위', '단일로 - 교량',
                                             '단일로 - 기타', '단일로 - 지하차도(도로)내',
                                             '단일로 - 터널', '주차장 - 주차장', '건조',
                                             '서리/결빙', '적설', '젖음/습기', '침수',
                                             '차대사람', '차대차', ...],
                                    transformer=SimpleImputer())),
                ('categorical_imputer',
                 TransformerWrapper(include=[],
                                    transformer=SimpleImputer(strategy='most_frequent'))),
                ('clean_column_names',
                 TransformerWrapper(transformer=CleanColumnNames()))]), verbose=True, use_case=MLUsecase.REGRESSION, kwargs={})
2023-11-30 23:08:32,080:INFO:Adding model into prep_pipe
2023-11-30 23:08:32,080:WARNING:Only Model saved as it was a pipeline.
2023-11-30 23:08:32,091:INFO:../model/003pycaret_regression_model.pkl saved in current working directory
2023-11-30 23:08:32,097:INFO:Pipeline(memory=Memory(location=None),
         steps=[('numerical_imputer',
                 TransformerWrapper(include=['주말', '평일', '눈', '맑음', '비', '흐림',
                                             '남구', '달서구', '달성군', '동구', '북구',
                                             '서구', '수성구', '중구', '교차로 - 교차로부근',
                                             '교차로 - 교차로안', '교차로 - 교차로횡단보도내',
                                             '단일로 - 고가도로위', '단일로 - 교량',
                                             '단일로 - 기타', '단일로 - 지하차도(도로)내',
                                             '단일로 - 터널', '주차장 - 주차장', '건조',
                                             '서리/결빙', '적설', '젖음/습기', '침수',
                                             '차대사람', '차대차', ...],
                                    transformer=SimpleImputer())),
                ('categorical_imputer',
                 TransformerWrapper(include=[],
                                    transformer=SimpleImputer(strategy='most_frequent'))),
                ('clean_column_names',
                 TransformerWrapper(transformer=CleanColumnNames())),
                ('actual_estimator',
                 GradientBoostingRegressor(random_state=42))])
2023-11-30 23:08:32,097:INFO:save_model() successfully completed......................................
2023-11-30 23:08:32,315:INFO:Initializing load_model()
2023-11-30 23:08:32,315:INFO:load_model(model_name=../model/003pycaret_regression_model, platform=None, authentication=None, verbose=True)
2023-11-30 23:08:35,950:INFO:Initializing predict_model()
2023-11-30 23:08:35,950:INFO:predict_model(self=<pycaret.regression.oop.RegressionExperiment object at 0x0000020BFF777970>, estimator=Pipeline(memory=Memory(location=None),
         steps=[('numerical_imputer',
                 TransformerWrapper(include=['주말', '평일', '눈', '맑음', '비', '흐림',
                                             '남구', '달서구', '달성군', '동구', '북구',
                                             '서구', '수성구', '중구', '교차로 - 교차로부근',
                                             '교차로 - 교차로안', '교차로 - 교차로횡단보도내',
                                             '단일로 - 고가도로위', '단일로 - 교량',
                                             '단일로 - 기타', '단일로 - 지하차도(도로)내',
                                             '단일로 - 터널', '주차장 - 주차장', '건조',
                                             '서리/결빙', '적설', '젖음/습기', '침수',
                                             '차대사람', '차대차', ...],
                                    transformer=SimpleImputer())),
                ('categorical_imputer',
                 TransformerWrapper(include=[],
                                    transformer=SimpleImputer(strategy='most_frequent'))),
                ('clean_column_names',
                 TransformerWrapper(transformer=CleanColumnNames())),
                ('actual_estimator',
                 GradientBoostingRegressor(random_state=42))]), probability_threshold=None, encoded_labels=False, raw_score=False, round=4, verbose=True, ml_usecase=None, preprocess=True, encode_labels=<function _SupervisedExperiment.predict_model.<locals>.encode_labels at 0x0000020BD661BD30>)
2023-11-30 23:08:35,950:INFO:Checking exceptions
2023-11-30 23:08:35,950:INFO:Preloading libraries
2023-11-30 23:08:35,954:INFO:Set up data.
2023-11-30 23:08:35,966:INFO:Set up index.
2023-11-30 23:14:26,178:INFO:Initializing predict_model()
2023-11-30 23:14:26,178:INFO:predict_model(self=<pycaret.regression.oop.RegressionExperiment object at 0x0000020BFF777970>, estimator=Pipeline(memory=Memory(location=None),
         steps=[('numerical_imputer',
                 TransformerWrapper(include=['주말', '평일', '눈', '맑음', '비', '흐림',
                                             '남구', '달서구', '달성군', '동구', '북구',
                                             '서구', '수성구', '중구', '교차로 - 교차로부근',
                                             '교차로 - 교차로안', '교차로 - 교차로횡단보도내',
                                             '단일로 - 고가도로위', '단일로 - 교량',
                                             '단일로 - 기타', '단일로 - 지하차도(도로)내',
                                             '단일로 - 터널', '주차장 - 주차장', '건조',
                                             '서리/결빙', '적설', '젖음/습기', '침수',
                                             '차대사람', '차대차', ...],
                                    transformer=SimpleImputer())),
                ('categorical_imputer',
                 TransformerWrapper(include=[],
                                    transformer=SimpleImputer(strategy='most_frequent'))),
                ('clean_column_names',
                 TransformerWrapper(transformer=CleanColumnNames())),
                ('actual_estimator',
                 GradientBoostingRegressor(random_state=42))]), probability_threshold=None, encoded_labels=False, raw_score=False, round=4, verbose=True, ml_usecase=None, preprocess=True, encode_labels=<function _SupervisedExperiment.predict_model.<locals>.encode_labels at 0x0000020BD661BCA0>)
2023-11-30 23:14:26,178:INFO:Checking exceptions
2023-11-30 23:14:26,178:INFO:Preloading libraries
2023-11-30 23:14:26,183:INFO:Set up data.
2023-11-30 23:14:26,197:INFO:Set up index.
